<?xml version="1.0" encoding="UTF-8"?>
<testsuite name="de.tud.cs.se.flashcards.model.learning.LearningStrategiesTest" tests="1" skipped="0" failures="0" errors="0" timestamp="2019-01-23T07:22:45" hostname="laura-ThinkPad-X260" time="0.009">
  <properties/>
  <testcase name="test" classname="de.tud.cs.se.flashcards.model.learning.LearningStrategiesTest" time="0.009"/>
  <system-out><![CDATA[]]></system-out>
  <system-err><![CDATA[]]></system-err>
</testsuite>
